#0 building with "default" instance using docker driver

#1 [back_app internal] load build definition from Dockerfile
#1 transferring dockerfile: 532B done
#1 DONE 0.0s

#2 [back_app internal] load metadata for docker.io/library/node:19
#2 DONE 0.1s

#3 [back_app internal] load .dockerignore
#3 transferring context: 286B done
#3 DONE 0.0s

#4 [back_app 1/5] FROM docker.io/library/node:19@sha256:92f06fc13bcc09f1ddc51f6ebf1aa3d21a6532b74f076f224f188bc6b9317570
#4 DONE 0.0s

#5 [back_app internal] load build context
#5 transferring context: 3.47kB done
#5 DONE 0.0s

#6 [back_app 2/5] WORKDIR /back-node
#6 CACHED

#7 [back_app 3/5] COPY package*.json ./
#7 CACHED

#8 [back_app 4/5] RUN npm install && npm list
#8 CACHED

#9 [back_app 5/5] COPY . .
#9 CACHED

#10 [back_app] exporting to image
#10 exporting layers done
#10 writing image sha256:3cd3b19bfb063145dff0faa24e46d25ca4d8326c11740ce6299f68056a3134f2 done
#10 naming to docker.io/library/site-back_app done
#10 DONE 0.0s

#11 [back_app] resolving provenance for metadata file
#11 DONE 0.0s

#12 [front_app internal] load build definition from Dockerfile
#12 transferring dockerfile: 319B done
#12 WARN: FromAsCasing: 'as' and 'FROM' keywords' casing do not match (line 1)
#12 DONE 0.0s

#13 [front_app internal] load metadata for docker.io/library/nginx:alpine3.19
#13 DONE 0.1s

#14 [front_app internal] load metadata for docker.io/library/node:19-alpine
#14 DONE 0.1s

#15 [front_app internal] load .dockerignore
#15 transferring context: 288B done
#15 DONE 0.0s

#16 [front_app build 1/6] FROM docker.io/library/node:19-alpine@sha256:8ec543d4795e2e85af924a24f8acb039792ae9fe8a42ad5b4bf4c277ab34b62e
#16 DONE 0.0s

#17 [front_app stage-1 1/3] FROM docker.io/library/nginx:alpine3.19@sha256:208b70eefac13ee9be00e486f79c695b15cef861c680527171a27d253d834be9
#17 DONE 0.0s

#18 [front_app internal] load build context
#18 transferring context: 149.44kB 0.1s done
#18 DONE 0.1s

#19 [front_app build 3/6] COPY . .
#19 CACHED

#20 [front_app build 2/6] WORKDIR /front-react
#20 CACHED

#21 [front_app build 4/6] RUN npm install
#21 CACHED

#22 [front_app stage-1 2/3] ADD nginx.conf /etc/nginx/conf.d/default.conf
#22 CACHED

#23 [front_app build 5/6] COPY . .
#23 CACHED

#24 [front_app build 6/6] RUN npm run build
#24 CACHED

#25 [front_app stage-1 3/3] COPY --from=build /front-react/build /usr/share/nginx/html
#25 CACHED

#26 [front_app] exporting to image
#26 exporting layers done
#26 writing image sha256:6ea0475eba0a98af54466fab88ddfe3ca69e58fa369e2ad62b920ded23737cfb done
#26 naming to docker.io/library/site-front_app done
#26 DONE 0.0s

#27 [front_app] resolving provenance for metadata file
#27 DONE 0.0s
 Container mysqldb  Running
 Container mysqldb  Waiting
 Container mysqldb  Healthy
 Container back_app  Starting
 Container back_app  Started
 Container front_app  Starting
 Container front_app  Started
